<?xml version="1.0" encoding="UTF-8"?>
<!-- Generated by org.testng.reporters.JUnitXMLReporter -->
<testsuite hostname="Danishs-Air" name="Test" tests="18" failures="14" timestamp="8 Jun 2020 11:51:26 GMT" time="647.196" errors="0">
  <testcase name="LoginBookshelvesIntegrationTest1" time="71.998" classname="TestCases.LoginBookShelvesIntegerationTest"/>
  <testcase name="LoginBookshelvesIntegrationTest1" time="20.826" classname="TestCases.LoginBookShelvesIntegerationTest">
    <failure type="java.lang.AssertionError" message="User email or password incorrect ">
      <![CDATA[java.lang.AssertionError: User email or password incorrect 
	at baseClasses.PageBaseClass.reportFail(PageBaseClass.java:51)
	at PageClasses.LandingPage.doLogin(LandingPage.java:82)
	at TestCases.LoginBookShelvesIntegerationTest.LoginBookshelvesIntegrationTest1(LoginBookShelvesIntegerationTest.java:25)
... Removed 25 stack frames]]>
    </failure>
  </testcase> <!-- LoginBookshelvesIntegrationTest1 -->
  <testcase name="LoginBookshelvesIntegrationTest1" time="21.822" classname="TestCases.LoginBookShelvesIntegerationTest">
    <failure type="java.lang.AssertionError" message="User email or password incorrect ">
      <![CDATA[java.lang.AssertionError: User email or password incorrect 
	at baseClasses.PageBaseClass.reportFail(PageBaseClass.java:51)
	at PageClasses.LandingPage.doLogin(LandingPage.java:82)
	at TestCases.LoginBookShelvesIntegerationTest.LoginBookshelvesIntegrationTest1(LoginBookShelvesIntegerationTest.java:25)
... Removed 25 stack frames]]>
    </failure>
  </testcase> <!-- LoginBookshelvesIntegrationTest1 -->
  <testcase name="LoginBookshelvesIntegrationTest1" time="22.824" classname="TestCases.LoginBookShelvesIntegerationTest">
    <failure type="java.lang.AssertionError" message="User email or password incorrect ">
      <![CDATA[java.lang.AssertionError: User email or password incorrect 
	at baseClasses.PageBaseClass.reportFail(PageBaseClass.java:51)
	at PageClasses.LandingPage.doLogin(LandingPage.java:82)
	at TestCases.LoginBookShelvesIntegerationTest.LoginBookshelvesIntegrationTest1(LoginBookShelvesIntegerationTest.java:25)
... Removed 25 stack frames]]>
    </failure>
  </testcase> <!-- LoginBookshelvesIntegrationTest1 -->
  <testcase name="LoginBookshelvesIntegrationTest2" time="87.238" classname="TestCases.LoginBookShelvesIntegerationTest"/>
  <testcase name="LoginBookshelvesIntegrationTest2" time="24.482" classname="TestCases.LoginBookShelvesIntegerationTest">
    <failure type="java.lang.AssertionError" message="User email or password incorrect ">
      <![CDATA[java.lang.AssertionError: User email or password incorrect 
	at baseClasses.PageBaseClass.reportFail(PageBaseClass.java:51)
	at PageClasses.LandingPage.doLogin(LandingPage.java:82)
	at TestCases.LoginBookShelvesIntegerationTest.LoginBookshelvesIntegrationTest2(LoginBookShelvesIntegerationTest.java:39)
... Removed 25 stack frames]]>
    </failure>
  </testcase> <!-- LoginBookshelvesIntegrationTest2 -->
  <testcase name="LoginBookshelvesIntegrationTest2" time="26.007" classname="TestCases.LoginBookShelvesIntegerationTest">
    <failure type="java.lang.AssertionError" message="User email or password incorrect ">
      <![CDATA[java.lang.AssertionError: User email or password incorrect 
	at baseClasses.PageBaseClass.reportFail(PageBaseClass.java:51)
	at PageClasses.LandingPage.doLogin(LandingPage.java:82)
	at TestCases.LoginBookShelvesIntegerationTest.LoginBookshelvesIntegrationTest2(LoginBookShelvesIntegerationTest.java:39)
... Removed 25 stack frames]]>
    </failure>
  </testcase> <!-- LoginBookshelvesIntegrationTest2 -->
  <testcase name="LoginBookshelvesIntegrationTest2" time="24.233" classname="TestCases.LoginBookShelvesIntegerationTest">
    <failure type="java.lang.AssertionError" message="User email or password incorrect ">
      <![CDATA[java.lang.AssertionError: User email or password incorrect 
	at baseClasses.PageBaseClass.reportFail(PageBaseClass.java:51)
	at PageClasses.LandingPage.doLogin(LandingPage.java:82)
	at TestCases.LoginBookShelvesIntegerationTest.LoginBookshelvesIntegrationTest2(LoginBookShelvesIntegerationTest.java:39)
... Removed 25 stack frames]]>
    </failure>
  </testcase> <!-- LoginBookshelvesIntegrationTest2 -->
  <testcase name="LoginChairsIntegrationTest1" time="38.047" classname="TestCases.LoginChairsIntegrationTest"/>
  <testcase name="LoginChairsIntegrationTest1" time="21.625" classname="TestCases.LoginChairsIntegrationTest">
    <failure type="java.lang.AssertionError" message="User email or password incorrect ">
      <![CDATA[java.lang.AssertionError: User email or password incorrect 
	at baseClasses.PageBaseClass.reportFail(PageBaseClass.java:51)
	at PageClasses.LandingPage.doLogin(LandingPage.java:82)
	at TestCases.LoginChairsIntegrationTest.LoginChairsIntegrationTest1(LoginChairsIntegrationTest.java:25)
... Removed 25 stack frames]]>
    </failure>
  </testcase> <!-- LoginChairsIntegrationTest1 -->
  <testcase name="LoginChairsIntegrationTest1" time="26.436" classname="TestCases.LoginChairsIntegrationTest">
    <failure type="java.lang.AssertionError" message="User email or password incorrect ">
      <![CDATA[java.lang.AssertionError: User email or password incorrect 
	at baseClasses.PageBaseClass.reportFail(PageBaseClass.java:51)
	at PageClasses.LandingPage.doLogin(LandingPage.java:82)
	at TestCases.LoginChairsIntegrationTest.LoginChairsIntegrationTest1(LoginChairsIntegrationTest.java:25)
... Removed 25 stack frames]]>
    </failure>
  </testcase> <!-- LoginChairsIntegrationTest1 -->
  <testcase name="LoginChairsIntegrationTest1" time="26.362" classname="TestCases.LoginChairsIntegrationTest">
    <failure type="java.lang.AssertionError" message="User email or password incorrect ">
      <![CDATA[java.lang.AssertionError: User email or password incorrect 
	at baseClasses.PageBaseClass.reportFail(PageBaseClass.java:51)
	at PageClasses.LandingPage.doLogin(LandingPage.java:82)
	at TestCases.LoginChairsIntegrationTest.LoginChairsIntegrationTest1(LoginChairsIntegrationTest.java:25)
... Removed 25 stack frames]]>
    </failure>
  </testcase> <!-- LoginChairsIntegrationTest1 -->
  <testcase name="LoginChairsIntegrationTest2" time="22.117" classname="TestCases.LoginChairsIntegrationTest">
    <failure type="org.openqa.selenium.TimeoutException" message="timeout: Timed out receiving message from renderer: 14.314
  (Session info: chrome=81.0.4044.138)
  (Driver info: operadriver=81.0.4044.113 (e3225dafb0475864a1812a374d73a92e391635ac-refs/branch-heads/4044@{#936}),platform=Mac OS X 10.14.6 x86_64) (WARNING: The server did not provide any stacktrace information)
Command duration or timeout: 0 milliseconds
Build info: version: &amp;apos;3.141.59&amp;apos;, revision: &amp;apos;e82be7d358&amp;apos;, time: &amp;apos;2018-11-14T08:17:03&amp;apos;
System info: host: &amp;apos;Danishs-Air&amp;apos;, ip: &amp;apos;2409:4056:186:3e99:5946:de21:aae:af78%en0&amp;apos;, os.name: &amp;apos;Mac OS X&amp;apos;, os.arch: &amp;apos;x86_64&amp;apos;, os.version: &amp;apos;10.14.6&amp;apos;, java.version: &amp;apos;1.8.0_211&amp;apos;
Driver info: org.openqa.selenium.opera.OperaDriver
Capabilities {acceptInsecureCerts: false, acceptSslCerts: false, applicationCacheEnabled: false, browserConnectionEnabled: false, browserName: opera, cssSelectorsEnabled: true, databaseEnabled: false, goog:chromeOptions: {debuggerAddress: localhost:56401}, handlesAlerts: true, hasTouchScreen: false, javascriptEnabled: true, locationContextEnabled: true, mobileEmulationEnabled: false, nativeEvents: true, networkConnectionEnabled: false, opera: {operadriverVersion: 81.0.4044.113 (e3225dafb047..., userDataDir: /var/folders/2p/lqrjhjb56g1...}, pageLoadStrategy: normal, platform: MAC, platformName: MAC, proxy: Proxy(), rotatable: false, setWindowRect: true, strictFileInteractability: false, takesHeapSnapshot: true, takesScreenshot: true, timeouts: {implicit: 0, pageLoad: 300000, script: 30000}, unexpectedAlertBehaviour: ignore, unhandledPromptBehavior: ignore, version: 81.0.4044.138, webStorageEnabled: true, webauthn:virtualAuthenticators: true}
Session ID: 1d96e4f42fb00d0ffb41e61f9696b392">
      <![CDATA[org.openqa.selenium.TimeoutException: timeout: Timed out receiving message from renderer: 14.314
  (Session info: chrome=81.0.4044.138)
  (Driver info: operadriver=81.0.4044.113 (e3225dafb0475864a1812a374d73a92e391635ac-refs/branch-heads/4044@{#936}),platform=Mac OS X 10.14.6 x86_64) (WARNING: The server did not provide any stacktrace information)
Command duration or timeout: 0 milliseconds
Build info: version: '3.141.59', revision: 'e82be7d358', time: '2018-11-14T08:17:03'
System info: host: 'Danishs-Air', ip: '2409:4056:186:3e99:5946:de21:aae:af78%en0', os.name: 'Mac OS X', os.arch: 'x86_64', os.version: '10.14.6', java.version: '1.8.0_211'
Driver info: org.openqa.selenium.opera.OperaDriver
Capabilities {acceptInsecureCerts: false, acceptSslCerts: false, applicationCacheEnabled: false, browserConnectionEnabled: false, browserName: opera, cssSelectorsEnabled: true, databaseEnabled: false, goog:chromeOptions: {debuggerAddress: localhost:56401}, handlesAlerts: true, hasTouchScreen: false, javascriptEnabled: true, locationContextEnabled: true, mobileEmulationEnabled: false, nativeEvents: true, networkConnectionEnabled: false, opera: {operadriverVersion: 81.0.4044.113 (e3225dafb047..., userDataDir: /var/folders/2p/lqrjhjb56g1...}, pageLoadStrategy: normal, platform: MAC, platformName: MAC, proxy: Proxy(), rotatable: false, setWindowRect: true, strictFileInteractability: false, takesHeapSnapshot: true, takesScreenshot: true, timeouts: {implicit: 0, pageLoad: 300000, script: 30000}, unexpectedAlertBehaviour: ignore, unhandledPromptBehavior: ignore, version: 81.0.4044.138, webStorageEnabled: true, webauthn:virtualAuthenticators: true}
Session ID: 1d96e4f42fb00d0ffb41e61f9696b392
	at org.openqa.selenium.remote.ErrorHandler.createThrowable(ErrorHandler.java:214)
	at org.openqa.selenium.remote.ErrorHandler.throwIfResponseFailed(ErrorHandler.java:166)
	at org.openqa.selenium.remote.http.JsonHttpResponseCodec.reconstructValue(JsonHttpResponseCodec.java:40)
	at org.openqa.selenium.remote.http.AbstractHttpResponseCodec.decode(AbstractHttpResponseCodec.java:80)
	at org.openqa.selenium.remote.http.AbstractHttpResponseCodec.decode(AbstractHttpResponseCodec.java:44)
	at org.openqa.selenium.remote.HttpCommandExecutor.execute(HttpCommandExecutor.java:158)
	at org.openqa.selenium.remote.service.DriverCommandExecutor.execute(DriverCommandExecutor.java:83)
	at org.openqa.selenium.remote.RemoteWebDriver.execute(RemoteWebDriver.java:552)
	at org.openqa.selenium.remote.RemoteWebDriver.get(RemoteWebDriver.java:277)
	at baseClasses.BaseTestClass.OpenApplication(BaseTestClass.java:65)
	at TestCases.LoginChairsIntegrationTest.LoginChairsIntegrationTest2(LoginChairsIntegrationTest.java:36)
... Removed 28 stack frames]]>
    </failure>
  </testcase> <!-- LoginChairsIntegrationTest2 -->
  <testcase name="LoginChairsIntegrationTest2" time="39.34" classname="TestCases.LoginChairsIntegrationTest">
    <failure type="java.lang.AssertionError" message="User email or password incorrect ">
      <![CDATA[java.lang.AssertionError: User email or password incorrect 
	at baseClasses.PageBaseClass.reportFail(PageBaseClass.java:51)
	at PageClasses.LandingPage.doLogin(LandingPage.java:82)
	at TestCases.LoginChairsIntegrationTest.LoginChairsIntegrationTest2(LoginChairsIntegrationTest.java:37)
... Removed 25 stack frames]]>
    </failure>
  </testcase> <!-- LoginChairsIntegrationTest2 -->
  <testcase name="LoginChairsIntegrationTest2" time="28.976" classname="TestCases.LoginChairsIntegrationTest">
    <failure type="java.lang.AssertionError" message="User email or password incorrect ">
      <![CDATA[java.lang.AssertionError: User email or password incorrect 
	at baseClasses.PageBaseClass.reportFail(PageBaseClass.java:51)
	at PageClasses.LandingPage.doLogin(LandingPage.java:82)
	at TestCases.LoginChairsIntegrationTest.LoginChairsIntegrationTest2(LoginChairsIntegrationTest.java:37)
... Removed 25 stack frames]]>
    </failure>
  </testcase> <!-- LoginChairsIntegrationTest2 -->
  <testcase name="LoginChairsIntegrationTest2" time="30.25" classname="TestCases.LoginChairsIntegrationTest">
    <failure type="java.lang.AssertionError" message="User email or password incorrect ">
      <![CDATA[java.lang.AssertionError: User email or password incorrect 
	at baseClasses.PageBaseClass.reportFail(PageBaseClass.java:51)
	at PageClasses.LandingPage.doLogin(LandingPage.java:82)
	at TestCases.LoginChairsIntegrationTest.LoginChairsIntegrationTest2(LoginChairsIntegrationTest.java:37)
... Removed 25 stack frames]]>
    </failure>
  </testcase> <!-- LoginChairsIntegrationTest2 -->
  <testcase name="BookshelvesChairsIntegrationTest1" time="31.974" classname="TestCases.BookshelvesChairsIntegrationTest">
    <failure type="org.openqa.selenium.ElementClickInterceptedException" message="element click intercepted: Element &amp;lt;div class=&amp;quot;gname&amp;quot;&amp;gt;...&amp;lt;/div&amp;gt; is not clickable at point (359, 421). Other element would receive the click: &amp;lt;div id=&amp;quot;block-overlay&amp;quot; style=&amp;quot;width: 1008px; height: 5196px;&amp;quot;&amp;gt;&amp;lt;/div&amp;gt;
  (Session info: chrome=83.0.4103.97)
Build info: version: &amp;apos;3.141.59&amp;apos;, revision: &amp;apos;e82be7d358&amp;apos;, time: &amp;apos;2018-11-14T08:17:03&amp;apos;
System info: host: &amp;apos;Danishs-Air&amp;apos;, ip: &amp;apos;2409:4056:186:3e99:5946:de21:aae:af78%en0&amp;apos;, os.name: &amp;apos;Mac OS X&amp;apos;, os.arch: &amp;apos;x86_64&amp;apos;, os.version: &amp;apos;10.14.6&amp;apos;, java.version: &amp;apos;1.8.0_211&amp;apos;
Driver info: org.openqa.selenium.chrome.ChromeDriver
Capabilities {acceptInsecureCerts: false, browserName: chrome, browserVersion: 83.0.4103.97, chrome: {chromedriverVersion: 83.0.4103.39 (ccbf011cb2d2b..., userDataDir: /var/folders/2p/lqrjhjb56g1...}, goog:chromeOptions: {debuggerAddress: localhost:56800}, javascriptEnabled: true, networkConnectionEnabled: false, pageLoadStrategy: normal, platform: MAC, platformName: MAC, proxy: Proxy(), setWindowRect: true, strictFileInteractability: false, timeouts: {implicit: 0, pageLoad: 300000, script: 30000}, unhandledPromptBehavior: dismiss and notify, webauthn:virtualAuthenticators: true}
Session ID: 5bb801ade49f8e8c499325b8f13c34f2">
      <![CDATA[org.openqa.selenium.ElementClickInterceptedException: element click intercepted: Element <div class="gname">...</div> is not clickable at point (359, 421). Other element would receive the click: <div id="block-overlay" style="width: 1008px; height: 5196px;"></div>
  (Session info: chrome=83.0.4103.97)
Build info: version: '3.141.59', revision: 'e82be7d358', time: '2018-11-14T08:17:03'
System info: host: 'Danishs-Air', ip: '2409:4056:186:3e99:5946:de21:aae:af78%en0', os.name: 'Mac OS X', os.arch: 'x86_64', os.version: '10.14.6', java.version: '1.8.0_211'
Driver info: org.openqa.selenium.chrome.ChromeDriver
Capabilities {acceptInsecureCerts: false, browserName: chrome, browserVersion: 83.0.4103.97, chrome: {chromedriverVersion: 83.0.4103.39 (ccbf011cb2d2b..., userDataDir: /var/folders/2p/lqrjhjb56g1...}, goog:chromeOptions: {debuggerAddress: localhost:56800}, javascriptEnabled: true, networkConnectionEnabled: false, pageLoadStrategy: normal, platform: MAC, platformName: MAC, proxy: Proxy(), setWindowRect: true, strictFileInteractability: false, timeouts: {implicit: 0, pageLoad: 300000, script: 30000}, unhandledPromptBehavior: dismiss and notify, webauthn:virtualAuthenticators: true}
Session ID: 5bb801ade49f8e8c499325b8f13c34f2
	at org.openqa.selenium.remote.http.W3CHttpResponseCodec.createException(W3CHttpResponseCodec.java:187)
	at org.openqa.selenium.remote.http.W3CHttpResponseCodec.decode(W3CHttpResponseCodec.java:122)
	at org.openqa.selenium.remote.http.W3CHttpResponseCodec.decode(W3CHttpResponseCodec.java:49)
	at org.openqa.selenium.remote.HttpCommandExecutor.execute(HttpCommandExecutor.java:158)
	at org.openqa.selenium.remote.service.DriverCommandExecutor.execute(DriverCommandExecutor.java:83)
	at org.openqa.selenium.remote.RemoteWebDriver.execute(RemoteWebDriver.java:552)
	at org.openqa.selenium.remote.RemoteWebElement.execute(RemoteWebElement.java:285)
	at org.openqa.selenium.remote.RemoteWebElement.click(RemoteWebElement.java:84)
	at org.openqa.selenium.support.pagefactory.internal.LocatingElementHandler.invoke(LocatingElementHandler.java:51)
	at com.sun.proxy.$Proxy8.click(Unknown Source)
	at PageClasses.Bookshelves.selectStorageType(Bookshelves.java:142)
	at TestCases.BookshelvesChairsIntegrationTest.BookshelvesChairsIntegrationTest1(BookshelvesChairsIntegrationTest.java:30)
... Removed 31 stack frames]]>
    </failure>
  </testcase> <!-- BookshelvesChairsIntegrationTest1 -->
  <testcase name="BookshelvesChairsIntegrationTest2" time="77.143" classname="TestCases.BookshelvesChairsIntegrationTest"/>
</testsuite> <!-- Test -->
